<?xml version="1.0" encoding="UTF-8"?>
<coverage generated="1664931830537" clover="3.2.0">
  <project timestamp="1664931830537" name="All files">
    <metrics statements="19" coveredstatements="18" conditionals="4" coveredconditionals="4" methods="8" coveredmethods="7" elements="31" coveredelements="29" complexity="0" loc="19" ncloc="19" packages="1" files="4" classes="4"/>
    <file name="calculator.js" path="C:\Users\cesarvalencia\Desktop\Testing-Practice\modules\calculator.js">
      <metrics statements="7" coveredstatements="6" conditionals="0" coveredconditionals="0" methods="5" coveredmethods="4"/>
      <line num="4" count="1" type="stmt"/>
      <line num="5" count="1" type="stmt"/>
      <line num="8" count="1" type="stmt"/>
      <line num="11" count="1" type="stmt"/>
      <line num="14" count="0" type="stmt"/>
      <line num="17" count="1" type="stmt"/>
      <line num="20" count="1" type="stmt"/>
    </file>
    <file name="capitalize.js" path="C:\Users\cesarvalencia\Desktop\Testing-Practice\modules\capitalize.js">
      <metrics statements="2" coveredstatements="2" conditionals="0" coveredconditionals="0" methods="1" coveredmethods="1"/>
      <line num="2" count="1" type="stmt"/>
      <line num="4" count="1" type="stmt"/>
    </file>
    <file name="reversestring.js" path="C:\Users\cesarvalencia\Desktop\Testing-Practice\modules\reversestring.js">
      <metrics statements="5" coveredstatements="5" conditionals="0" coveredconditionals="0" methods="1" coveredmethods="1"/>
      <line num="2" count="1" type="stmt"/>
      <line num="3" count="1" type="stmt"/>
      <line num="4" count="1" type="stmt"/>
      <line num="5" count="1" type="stmt"/>
      <line num="7" count="1" type="stmt"/>
    </file>
    <file name="stringlength.js" path="C:\Users\cesarvalencia\Desktop\Testing-Practice\modules\stringlength.js">
      <metrics statements="5" coveredstatements="5" conditionals="4" coveredconditionals="4" methods="1" coveredmethods="1"/>
      <line num="2" count="2" type="stmt"/>
      <line num="3" count="2" type="cond" truecount="4" falsecount="0"/>
      <line num="4" count="1" type="stmt"/>
      <line num="6" count="1" type="stmt"/>
      <line num="9" count="1" type="stmt"/>
    </file>
  </project>
</coverage>
