{"C:\\Users\\cesarvalencia\\Desktop\\Testing-Practice\\calculator.js": {"path":"C:\\Users\\cesarvalencia\\Desktop\\Testing-Practice\\calculator.js","statementMap":{"0":{"start":{"line":4,"column":8},"end":{"line":4,"column":17}},"1":{"start":{"line":5,"column":8},"end":{"line":5,"column":17}},"2":{"start":{"line":8,"column":8},"end":{"line":8,"column":19}},"3":{"start":{"line":11,"column":8},"end":{"line":11,"column":19}},"4":{"start":{"line":14,"column":8},"end":{"line":14,"column":19}},"5":{"start":{"line":17,"column":8},"end":{"line":17,"column":19}},"6":{"start":{"line":20,"column":0},"end":{"line":20,"column":28}}},"fnMap":{"0":{"name":"(anonymous_0)","decl":{"start":{"line":3,"column":4},"end":{"line":3,"column":5}},"loc":{"start":{"line":3,"column":20},"end":{"line":6,"column":5}},"line":3},"1":{"name":"(anonymous_1)","decl":{"start":{"line":7,"column":4},"end":{"line":7,"column":5}},"loc":{"start":{"line":7,"column":12},"end":{"line":9,"column":5}},"line":7},"2":{"name":"(anonymous_2)","decl":{"start":{"line":10,"column":4},"end":{"line":10,"column":5}},"loc":{"start":{"line":10,"column":18},"end":{"line":12,"column":5}},"line":10},"3":{"name":"(anonymous_3)","decl":{"start":{"line":13,"column":4},"end":{"line":13,"column":5}},"loc":{"start":{"line":13,"column":15},"end":{"line":15,"column":5}},"line":13},"4":{"name":"(anonymous_4)","decl":{"start":{"line":16,"column":4},"end":{"line":16,"column":5}},"loc":{"start":{"line":16,"column":17},"end":{"line":18,"column":5}},"line":16}},"branchMap":{},"s":{"0":1,"1":1,"2":1,"3":1,"4":0,"5":1,"6":1},"f":{"0":1,"1":1,"2":1,"3":0,"4":1},"b":{},"_coverageSchema":"1a1c01bbd47fc00a2c39e90264f33305004495a9","hash":"dd5fb1f84eef1e8863fa2fae8793f970dc494768"}
,"C:\\Users\\cesarvalencia\\Desktop\\Testing-Practice\\capitalize.js": {"path":"C:\\Users\\cesarvalencia\\Desktop\\Testing-Practice\\capitalize.js","statementMap":{"0":{"start":{"line":2,"column":4},"end":{"line":2,"column":60}},"1":{"start":{"line":4,"column":0},"end":{"line":4,"column":28}},"2":{"start":{"line":6,"column":0},"end":{"line":6,"column":33}}},"fnMap":{"0":{"name":"capitalize","decl":{"start":{"line":1,"column":9},"end":{"line":1,"column":19}},"loc":{"start":{"line":1,"column":28},"end":{"line":3,"column":1}},"line":1}},"branchMap":{},"s":{"0":2,"1":1,"2":1},"f":{"0":2},"b":{},"_coverageSchema":"1a1c01bbd47fc00a2c39e90264f33305004495a9","hash":"751e793229935f0b34de4a5ed79f0d97fbd0c58b"}
,"C:\\Users\\cesarvalencia\\Desktop\\Testing-Practice\\reversestring.js": {"path":"C:\\Users\\cesarvalencia\\Desktop\\Testing-Practice\\reversestring.js","statementMap":{"0":{"start":{"line":2,"column":22},"end":{"line":2,"column":38}},"1":{"start":{"line":3,"column":24},"end":{"line":3,"column":45}},"2":{"start":{"line":4,"column":22},"end":{"line":4,"column":43}},"3":{"start":{"line":5,"column":5},"end":{"line":5,"column":23}},"4":{"start":{"line":7,"column":1},"end":{"line":7,"column":32}}},"fnMap":{"0":{"name":"reverseString","decl":{"start":{"line":1,"column":9},"end":{"line":1,"column":22}},"loc":{"start":{"line":1,"column":31},"end":{"line":6,"column":2}},"line":1}},"branchMap":{},"s":{"0":1,"1":1,"2":1,"3":1,"4":1},"f":{"0":1},"b":{},"_coverageSchema":"1a1c01bbd47fc00a2c39e90264f33305004495a9","hash":"292a229ab1db752991f9b41dab408f1f516ad3f0"}
,"C:\\Users\\cesarvalencia\\Desktop\\Testing-Practice\\stringlength.js": {"path":"C:\\Users\\cesarvalencia\\Desktop\\Testing-Practice\\stringlength.js","statementMap":{"0":{"start":{"line":2,"column":11},"end":{"line":2,"column":24}},"1":{"start":{"line":3,"column":4},"end":{"line":3,"column":26}},"2":{"start":{"line":3,"column":16},"end":{"line":3,"column":25}},"3":{"start":{"line":4,"column":4},"end":{"line":6,"column":5}},"4":{"start":{"line":5,"column":8},"end":{"line":5,"column":22}},"5":{"start":{"line":8,"column":0},"end":{"line":8,"column":31}}},"fnMap":{"0":{"name":"stringLength","decl":{"start":{"line":1,"column":9},"end":{"line":1,"column":21}},"loc":{"start":{"line":1,"column":29},"end":{"line":7,"column":1}},"line":1}},"branchMap":{"0":{"loc":{"start":{"line":3,"column":4},"end":{"line":3,"column":26}},"type":"if","locations":[{"start":{"line":3,"column":4},"end":{"line":3,"column":26}},{"start":{},"end":{}}],"line":3},"1":{"loc":{"start":{"line":4,"column":4},"end":{"line":6,"column":5}},"type":"if","locations":[{"start":{"line":4,"column":4},"end":{"line":6,"column":5}},{"start":{},"end":{}}],"line":4},"2":{"loc":{"start":{"line":4,"column":7},"end":{"line":4,"column":20}},"type":"binary-expr","locations":[{"start":{"line":4,"column":7},"end":{"line":4,"column":11}},{"start":{"line":4,"column":15},"end":{"line":4,"column":20}}],"line":4}},"s":{"0":2,"1":2,"2":2,"3":0,"4":0,"5":1},"f":{"0":2},"b":{"0":[2,0],"1":[0,0],"2":[0,0]},"_coverageSchema":"1a1c01bbd47fc00a2c39e90264f33305004495a9","hash":"9069751e8369cec33aae5379ec50aae00b2b568a"}
}
