{"C:\\Users\\cesarvalencia\\Desktop\\Testing-Practice\\modules\\calculator.js": {"path":"C:\\Users\\cesarvalencia\\Desktop\\Testing-Practice\\modules\\calculator.js","statementMap":{"0":{"start":{"line":4,"column":8},"end":{"line":4,"column":17}},"1":{"start":{"line":5,"column":8},"end":{"line":5,"column":17}},"2":{"start":{"line":8,"column":8},"end":{"line":8,"column":19}},"3":{"start":{"line":11,"column":8},"end":{"line":11,"column":19}},"4":{"start":{"line":14,"column":8},"end":{"line":14,"column":19}},"5":{"start":{"line":17,"column":8},"end":{"line":17,"column":19}},"6":{"start":{"line":20,"column":0},"end":{"line":20,"column":28}}},"fnMap":{"0":{"name":"(anonymous_0)","decl":{"start":{"line":3,"column":4},"end":{"line":3,"column":5}},"loc":{"start":{"line":3,"column":20},"end":{"line":6,"column":5}},"line":3},"1":{"name":"(anonymous_1)","decl":{"start":{"line":7,"column":4},"end":{"line":7,"column":5}},"loc":{"start":{"line":7,"column":12},"end":{"line":9,"column":5}},"line":7},"2":{"name":"(anonymous_2)","decl":{"start":{"line":10,"column":4},"end":{"line":10,"column":5}},"loc":{"start":{"line":10,"column":18},"end":{"line":12,"column":5}},"line":10},"3":{"name":"(anonymous_3)","decl":{"start":{"line":13,"column":4},"end":{"line":13,"column":5}},"loc":{"start":{"line":13,"column":15},"end":{"line":15,"column":5}},"line":13},"4":{"name":"(anonymous_4)","decl":{"start":{"line":16,"column":4},"end":{"line":16,"column":5}},"loc":{"start":{"line":16,"column":17},"end":{"line":18,"column":5}},"line":16}},"branchMap":{},"s":{"0":1,"1":1,"2":1,"3":1,"4":0,"5":1,"6":1},"f":{"0":1,"1":1,"2":1,"3":0,"4":1},"b":{},"_coverageSchema":"1a1c01bbd47fc00a2c39e90264f33305004495a9","hash":"6ab16634615d410e769d734f11b29aea86aa7803"}
,"C:\\Users\\cesarvalencia\\Desktop\\Testing-Practice\\modules\\capitalize.js": {"path":"C:\\Users\\cesarvalencia\\Desktop\\Testing-Practice\\modules\\capitalize.js","statementMap":{"0":{"start":{"line":2,"column":4},"end":{"line":2,"column":60}},"1":{"start":{"line":4,"column":0},"end":{"line":4,"column":28}}},"fnMap":{"0":{"name":"capitalize","decl":{"start":{"line":1,"column":9},"end":{"line":1,"column":19}},"loc":{"start":{"line":1,"column":28},"end":{"line":3,"column":1}},"line":1}},"branchMap":{},"s":{"0":1,"1":1},"f":{"0":1},"b":{},"_coverageSchema":"1a1c01bbd47fc00a2c39e90264f33305004495a9","hash":"b9577fea32b29e2b7cdeb448bbf1d22acf57d4f3"}
,"C:\\Users\\cesarvalencia\\Desktop\\Testing-Practice\\modules\\reversestring.js": {"path":"C:\\Users\\cesarvalencia\\Desktop\\Testing-Practice\\modules\\reversestring.js","statementMap":{"0":{"start":{"line":2,"column":22},"end":{"line":2,"column":38}},"1":{"start":{"line":3,"column":24},"end":{"line":3,"column":45}},"2":{"start":{"line":4,"column":22},"end":{"line":4,"column":43}},"3":{"start":{"line":5,"column":5},"end":{"line":5,"column":23}},"4":{"start":{"line":7,"column":1},"end":{"line":7,"column":32}}},"fnMap":{"0":{"name":"reverseString","decl":{"start":{"line":1,"column":9},"end":{"line":1,"column":22}},"loc":{"start":{"line":1,"column":31},"end":{"line":6,"column":2}},"line":1}},"branchMap":{},"s":{"0":1,"1":1,"2":1,"3":1,"4":1},"f":{"0":1},"b":{},"_coverageSchema":"1a1c01bbd47fc00a2c39e90264f33305004495a9","hash":"461d2ca6794224923c001ae99a10cc33842d84eb"}
,"C:\\Users\\cesarvalencia\\Desktop\\Testing-Practice\\modules\\stringlength.js": {"path":"C:\\Users\\cesarvalencia\\Desktop\\Testing-Practice\\modules\\stringlength.js","statementMap":{"0":{"start":{"line":2,"column":10},"end":{"line":2,"column":23}},"1":{"start":{"line":4,"column":4},"end":{"line":8,"column":9}},"2":{"start":{"line":5,"column":8},"end":{"line":5,"column":23}},"3":{"start":{"line":7,"column":12},"end":{"line":7,"column":21}},"4":{"start":{"line":11,"column":0},"end":{"line":11,"column":31}}},"fnMap":{"0":{"name":"stringLength","decl":{"start":{"line":1,"column":9},"end":{"line":1,"column":21}},"loc":{"start":{"line":1,"column":29},"end":{"line":9,"column":5}},"line":1}},"branchMap":{"0":{"loc":{"start":{"line":4,"column":4},"end":{"line":8,"column":9}},"type":"if","locations":[{"start":{"line":4,"column":4},"end":{"line":8,"column":9}},{"start":{"line":6,"column":13},"end":{"line":8,"column":9}}],"line":4},"1":{"loc":{"start":{"line":4,"column":7},"end":{"line":4,"column":20}},"type":"binary-expr","locations":[{"start":{"line":4,"column":7},"end":{"line":4,"column":12}},{"start":{"line":4,"column":16},"end":{"line":4,"column":20}}],"line":4}},"s":{"0":2,"1":2,"2":1,"3":1,"4":1},"f":{"0":2},"b":{"0":[1,1],"1":[2,2]},"_coverageSchema":"1a1c01bbd47fc00a2c39e90264f33305004495a9","hash":"849d40764ac0fe43c33782418194d7615fa2fc8a"}
}
