TN:
SF:modules\calculator.js
FN:3,(anonymous_0)
FN:7,(anonymous_1)
FN:10,(anonymous_2)
FN:13,(anonymous_3)
FN:16,(anonymous_4)
FNF:5
FNH:4
FNDA:1,(anonymous_0)
FNDA:1,(anonymous_1)
FNDA:1,(anonymous_2)
FNDA:0,(anonymous_3)
FNDA:1,(anonymous_4)
DA:4,1
DA:5,1
DA:8,1
DA:11,1
DA:14,0
DA:17,1
DA:20,1
LF:7
LH:6
BRF:0
BRH:0
end_of_record
TN:
SF:modules\capitalize.js
FN:1,capitalize
FNF:1
FNH:1
FNDA:1,capitalize
DA:2,1
DA:4,1
LF:2
LH:2
BRF:0
BRH:0
end_of_record
TN:
SF:modules\reversestring.js
FN:1,reverseString
FNF:1
FNH:1
FNDA:1,reverseString
DA:2,1
DA:3,1
DA:4,1
DA:5,1
DA:7,1
LF:5
LH:5
BRF:0
BRH:0
end_of_record
TN:
SF:modules\stringlength.js
FN:1,stringLength
FNF:1
FNH:1
FNDA:2,stringLength
DA:2,2
DA:3,2
DA:4,1
DA:6,1
DA:9,1
LF:5
LH:5
BRDA:3,0,0,1
BRDA:3,0,1,1
BRDA:3,1,0,2
BRDA:3,1,1,2
BRF:4
BRH:4
end_of_record
